[2025-03-26 00:50:10,444 : INFO : 62910521 : reading yaml file from config\config.yaml]
[2025-03-26 01:10:05,312 : INFO : main : >>>> stage Data ingestion Stage started <<<<<]
[2025-03-26 01:10:05,315 : INFO : common : reading yaml file from config\config.yaml]
[2025-03-26 01:10:05,343 : INFO : common : reading yaml file from params.yaml]
[2025-03-26 01:10:05,345 : INFO : common : reading yaml file from schema.yaml]
[2025-03-26 01:10:05,345 : ERROR : main : "'ConfigBox' object has no attribute 'artifacts_root'"]
Traceback (most recent call last):
  File "box\\box.py", line 594, in box.box.Box.__getitem__
KeyError: 'artifacts_root'

The above exception was the direct cause of the following exception:

Traceback (most recent call last):
  File "box\\box.py", line 633, in box.box.Box.__getattr__
  File "box\\box.py", line 621, in box.box.Box.__getitem__
box.exceptions.BoxKeyError: "'artifacts_root'"

During handling of the above exception, another exception occurred:

Traceback (most recent call last):
  File "box\\box.py", line 635, in box.box.Box.__getattr__
AttributeError: 'ConfigBox' object has no attribute 'artifacts_root'

The above exception was the direct cause of the following exception:

Traceback (most recent call last):
  File "box\\config_box.py", line 29, in box.config_box.ConfigBox.__getattr__
  File "box\\box.py", line 649, in box.box.Box.__getattr__
box.exceptions.BoxKeyError: "'ConfigBox' object has no attribute 'artifacts_root'"

During handling of the above exception, another exception occurred:

Traceback (most recent call last):
  File "box\\box.py", line 594, in box.box.Box.__getitem__
KeyError: 'artifacts_root'

The above exception was the direct cause of the following exception:

Traceback (most recent call last):
  File "box\\box.py", line 633, in box.box.Box.__getattr__
  File "box\\box.py", line 621, in box.box.Box.__getitem__
box.exceptions.BoxKeyError: "'artifacts_root'"

During handling of the above exception, another exception occurred:

Traceback (most recent call last):
  File "box\\box.py", line 635, in box.box.Box.__getattr__
AttributeError: 'ConfigBox' object has no attribute 'artifacts_root'

The above exception was the direct cause of the following exception:

Traceback (most recent call last):
  File "D:\MLOPS\datascienceproject\main.py", line 10, in <module>
    data_ingestion.initiate_data_ingestion()
  File "D:\MLOPS\datascienceproject\src\datascience\pipeline\data_ingestion_pipeline.py", line 11, in initiate_data_ingestion
    config=configurationManager()
  File "D:\MLOPS\datascienceproject\src\datascience\config\configurations.py", line 11, in __init__
    create_directories([self.config.artifacts_root])
  File "box\\config_box.py", line 31, in box.config_box.ConfigBox.__getattr__
  File "box\\box.py", line 649, in box.box.Box.__getattr__
box.exceptions.BoxKeyError: "'ConfigBox' object has no attribute 'artifacts_root'"
[2025-03-26 01:11:42,181 : INFO : main : >>>> stage Data ingestion Stage started <<<<<]
[2025-03-26 01:11:42,183 : INFO : common : reading yaml file from config\config.yaml]
[2025-03-26 01:11:42,183 : INFO : common : reading yaml file from params.yaml]
[2025-03-26 01:11:42,184 : INFO : common : reading yaml file from schema.yaml]
[2025-03-26 01:11:42,184 : INFO : common : created directory at: artifacts]
[2025-03-26 01:11:42,193 : INFO : common : created directory at: artifaacts/data_ingestion]
[2025-03-26 01:11:43,362 : ERROR : main : [Errno 2] No such file or directory: 'artifacts/data_ingestion/data.zip']
Traceback (most recent call last):
  File "D:\MLOPS\datascienceproject\main.py", line 10, in <module>
    data_ingestion.initiate_data_ingestion()
  File "D:\MLOPS\datascienceproject\src\datascience\pipeline\data_ingestion_pipeline.py", line 14, in initiate_data_ingestion
    data_ingestion.download_file()
  File "D:\MLOPS\datascienceproject\src\datascience\components\data_ingestion.py", line 14, in download_file
    filename,headers=request.urlretrieve(url=self.config.source_URL,filename=self.config.local_data_file)
  File "D:\MLOPS\datascienceproject\venv\lib\urllib\request.py", line 251, in urlretrieve
    tfp = open(filename, 'wb')
FileNotFoundError: [Errno 2] No such file or directory: 'artifacts/data_ingestion/data.zip'
[2025-03-26 15:04:41,695 : INFO : main : >>>> stage Data ingestion Stage started <<<<<]
[2025-03-26 15:04:41,702 : INFO : configurations : reading yaml file from config\config.yaml]
[2025-03-26 15:04:41,709 : INFO : configurations : reading yaml file from params.yaml]
[2025-03-26 15:04:41,711 : INFO : configurations : reading yaml file from schema.yaml]
[2025-03-26 15:04:41,712 : INFO : configurations : created directory at: artifacts]
[2025-03-26 15:04:41,713 : INFO : configurations : created directory at: artifaacts/data_ingestion]
[2025-03-26 15:04:43,224 : ERROR : main : [Errno 2] No such file or directory: 'artifacts/data_ingestion/data.zip']
Traceback (most recent call last):
  File "D:\MLOPS\datascienceproject\main.py", line 10, in <module>
    data_ingestion.initiate_data_ingestion()
  File "D:\MLOPS\datascienceproject\src\datascience\pipeline\data_ingestion_pipeline.py", line 14, in initiate_data_ingestion
    data_ingestion.download_file()
  File "D:\MLOPS\datascienceproject\src\datascience\components\data_ingestion.py", line 14, in download_file
    filename,headers=request.urlretrieve(url=self.config.source_URL,filename=self.config.local_data_file)
  File "D:\MLOPS\datascienceproject\venv\lib\urllib\request.py", line 251, in urlretrieve
    tfp = open(filename, 'wb')
FileNotFoundError: [Errno 2] No such file or directory: 'artifacts/data_ingestion/data.zip'
[2025-03-26 15:20:58,310 : INFO : main : >>>>>> stage Data Ingestion stage started <<<<<<]
[2025-03-26 15:20:58,324 : INFO : common : yaml file: config\config.yaml loaded successfully]
[2025-03-26 15:20:58,344 : INFO : common : yaml file: params.yaml loaded successfully]
[2025-03-26 15:20:58,345 : INFO : common : yaml file: schema.yaml loaded successfully]
[2025-03-26 15:20:58,345 : INFO : common : created directory at: artifacts]
[2025-03-26 15:20:58,346 : INFO : common : created directory at: artifacts/data_ingestion]
[2025-03-26 15:20:59,593 : INFO : data_ingestion : artifacts/data_ingestion/data.zip download! with following info: 
Connection: close
Content-Length: 23329
Cache-Control: max-age=300
Content-Security-Policy: default-src 'none'; style-src 'unsafe-inline'; sandbox
Content-Type: application/zip
ETag: "c69888a4ae59bc5a893392785a938ccd4937981c06ba8a9d6a21aa52b4ab5b6e"
Strict-Transport-Security: max-age=31536000
X-Content-Type-Options: nosniff
X-Frame-Options: deny
X-XSS-Protection: 1; mode=block
X-GitHub-Request-Id: AD94:2A016E:168D1:21320:67E3CA32
Accept-Ranges: bytes
Date: Wed, 26 Mar 2025 09:50:59 GMT
Via: 1.1 varnish
X-Served-By: cache-bom4745-BOM
X-Cache: HIT
X-Cache-Hits: 0
X-Timer: S1742982659.375530,VS0,VE263
Vary: Authorization,Accept-Encoding,Origin
Access-Control-Allow-Origin: *
Cross-Origin-Resource-Policy: cross-origin
X-Fastly-Request-ID: 3259e88101c4a8081c71c5a6170c7262755e2bf7
Expires: Wed, 26 Mar 2025 09:55:59 GMT
Source-Age: 0

]
[2025-03-26 15:20:59,638 : INFO : main : >>>>>> stage Data Ingestion stage completed <<<<<<

x==========x]
[2025-03-26 15:21:13,197 : INFO : main : >>>>>> stage Data Ingestion stage started <<<<<<]
[2025-03-26 15:21:13,199 : INFO : common : yaml file: config\config.yaml loaded successfully]
[2025-03-26 15:21:13,199 : INFO : common : yaml file: params.yaml loaded successfully]
[2025-03-26 15:21:13,200 : INFO : common : yaml file: schema.yaml loaded successfully]
[2025-03-26 15:21:13,200 : INFO : common : created directory at: artifacts]
[2025-03-26 15:21:13,201 : INFO : common : created directory at: artifacts/data_ingestion]
[2025-03-26 15:21:13,571 : INFO : data_ingestion : artifacts/data_ingestion/data.zip download! with following info: 
Connection: close
Content-Length: 23329
Cache-Control: max-age=300
Content-Security-Policy: default-src 'none'; style-src 'unsafe-inline'; sandbox
Content-Type: application/zip
ETag: "c69888a4ae59bc5a893392785a938ccd4937981c06ba8a9d6a21aa52b4ab5b6e"
Strict-Transport-Security: max-age=31536000
X-Content-Type-Options: nosniff
X-Frame-Options: deny
X-XSS-Protection: 1; mode=block
X-GitHub-Request-Id: AD94:2A016E:168D1:21320:67E3CA32
Accept-Ranges: bytes
Date: Wed, 26 Mar 2025 09:51:13 GMT
Via: 1.1 varnish
X-Served-By: cache-bom4736-BOM
X-Cache: HIT
X-Cache-Hits: 1
X-Timer: S1742982674.640673,VS0,VE1
Vary: Authorization,Accept-Encoding,Origin
Access-Control-Allow-Origin: *
Cross-Origin-Resource-Policy: cross-origin
X-Fastly-Request-ID: 5d25c83198234bcf1928222f970a75fd20af01b3
Expires: Wed, 26 Mar 2025 09:56:13 GMT
Source-Age: 14

]
[2025-03-26 15:21:13,590 : INFO : main : >>>>>> stage Data Ingestion stage completed <<<<<<

x==========x]
[2025-03-26 16:08:26,558 : INFO : main : >>>>>> stage Data Ingestion stage started <<<<<<]
[2025-03-26 16:08:26,570 : INFO : common : yaml file: config\config.yaml loaded successfully]
[2025-03-26 16:08:26,577 : INFO : common : yaml file: params.yaml loaded successfully]
[2025-03-26 16:08:26,585 : INFO : common : yaml file: schema.yaml loaded successfully]
[2025-03-26 16:08:26,586 : INFO : common : created directory at: artifacts]
[2025-03-26 16:08:26,587 : INFO : common : created directory at: artifacts/data_ingestion]
[2025-03-26 16:08:26,587 : INFO : data_ingestion : File already exists]
[2025-03-26 16:08:26,654 : INFO : main : >>>>>> stage Data Ingestion stage completed <<<<<<

x==========x]
[2025-03-26 16:08:26,654 : INFO : main : >>>>>> stage Data Validation stage started <<<<<<]
[2025-03-26 16:08:26,655 : INFO : common : yaml file: config\config.yaml loaded successfully]
[2025-03-26 16:08:26,656 : INFO : common : yaml file: params.yaml loaded successfully]
[2025-03-26 16:08:26,658 : INFO : common : yaml file: schema.yaml loaded successfully]
[2025-03-26 16:08:26,658 : INFO : common : created directory at: artifacts]
[2025-03-26 16:08:26,659 : INFO : common : created directory at: artifacts/data_validation]
[2025-03-26 16:08:26,687 : INFO : main : >>>>>> stage Data Validation stage completed <<<<<<

x==========x]
[2025-03-26 17:37:26,277 : INFO : 62910521 : reading yaml file from config\config.yaml]
[2025-03-26 17:37:26,306 : INFO : 62910521 : reading yaml file from params.yaml]
[2025-03-26 17:37:26,310 : INFO : 62910521 : reading yaml file from schema.yaml]
[2025-03-26 18:42:28,599 : INFO : main : >>>>>> stage Data Ingestion stage started <<<<<<]
[2025-03-26 18:42:28,602 : INFO : common : yaml file: config\config.yaml loaded successfully]
[2025-03-26 18:42:28,607 : INFO : common : yaml file: params.yaml loaded successfully]
[2025-03-26 18:42:28,610 : INFO : common : yaml file: schema.yaml loaded successfully]
[2025-03-26 18:42:28,611 : INFO : common : created directory at: artifacts]
[2025-03-26 18:42:28,611 : INFO : common : created directory at: artifacts/data_ingestion]
[2025-03-26 18:42:28,612 : INFO : data_ingestion : File already exists]
[2025-03-26 18:42:28,683 : INFO : main : >>>>>> stage Data Ingestion stage completed <<<<<<

x==========x]
[2025-03-26 18:42:28,684 : INFO : main : >>>>>> stage Data Validation stage started <<<<<<]
[2025-03-26 18:42:28,685 : INFO : common : yaml file: config\config.yaml loaded successfully]
[2025-03-26 18:42:28,686 : INFO : common : yaml file: params.yaml loaded successfully]
[2025-03-26 18:42:28,688 : INFO : common : yaml file: schema.yaml loaded successfully]
[2025-03-26 18:42:28,689 : INFO : common : created directory at: artifacts]
[2025-03-26 18:42:28,689 : INFO : common : created directory at: artifacts/data_validation]
[2025-03-26 18:42:28,710 : INFO : main : >>>>>> stage Data Validation stage completed <<<<<<

x==========x]
[2025-03-26 18:42:28,711 : INFO : main : >>>>>> stage Data Transformation stage started <<<<<<]
[2025-03-26 18:42:28,714 : INFO : common : yaml file: config\config.yaml loaded successfully]
[2025-03-26 18:42:28,715 : INFO : common : yaml file: params.yaml loaded successfully]
[2025-03-26 18:42:28,717 : INFO : common : yaml file: schema.yaml loaded successfully]
[2025-03-26 18:42:28,718 : INFO : common : created directory at: artifacts]
[2025-03-26 18:42:28,736 : INFO : common : created directory at: artifacts/data_transformation]
[2025-03-26 18:42:28,852 : INFO : data_transformation : splitted data into training and test sets]
[2025-03-26 18:42:28,852 : INFO : data_transformation : (1199, 12)]
[2025-03-26 18:42:28,852 : INFO : data_transformation : (400, 12)]
[2025-03-26 18:42:28,871 : INFO : main : >>>>>> stage Data Transformation stage completed <<<<<<

x==========x]
[2025-03-26 19:17:02,888 : INFO : main : >>>>>> stage Data Ingestion stage started <<<<<<]
[2025-03-26 19:17:02,901 : INFO : common : yaml file: config\config.yaml loaded successfully]
[2025-03-26 19:17:02,903 : INFO : common : yaml file: params.yaml loaded successfully]
[2025-03-26 19:17:02,906 : INFO : common : yaml file: schema.yaml loaded successfully]
[2025-03-26 19:17:02,907 : INFO : common : created directory at: artifacts]
[2025-03-26 19:17:02,907 : INFO : common : created directory at: artifacts/data_ingestion]
[2025-03-26 19:17:02,908 : INFO : data_ingestion : File already exists]
[2025-03-26 19:17:02,980 : INFO : main : >>>>>> stage Data Ingestion stage completed <<<<<<

x==========x]
[2025-03-26 19:17:02,981 : INFO : main : >>>>>> stage Data Validation stage started <<<<<<]
[2025-03-26 19:17:02,983 : INFO : common : yaml file: config\config.yaml loaded successfully]
[2025-03-26 19:17:02,984 : INFO : common : yaml file: params.yaml loaded successfully]
[2025-03-26 19:17:02,986 : INFO : common : yaml file: schema.yaml loaded successfully]
[2025-03-26 19:17:02,987 : INFO : common : created directory at: artifacts]
[2025-03-26 19:17:02,987 : INFO : common : created directory at: artifacts/data_validation]
[2025-03-26 19:17:03,013 : INFO : main : >>>>>> stage Data Validation stage completed <<<<<<

x==========x]
[2025-03-26 19:17:03,013 : INFO : main : >>>>>> stage Data Transformation stage started <<<<<<]
[2025-03-26 19:17:03,016 : INFO : common : yaml file: config\config.yaml loaded successfully]
[2025-03-26 19:17:03,017 : INFO : common : yaml file: params.yaml loaded successfully]
[2025-03-26 19:17:03,020 : INFO : common : yaml file: schema.yaml loaded successfully]
[2025-03-26 19:17:03,020 : INFO : common : created directory at: artifacts]
[2025-03-26 19:17:03,021 : INFO : common : created directory at: artifacts/data_transformation]
[2025-03-26 19:17:03,153 : INFO : data_transformation : splitted data into training and test sets]
[2025-03-26 19:17:03,154 : INFO : data_transformation : (1199, 12)]
[2025-03-26 19:17:03,154 : INFO : data_transformation : (400, 12)]
[2025-03-26 19:17:03,161 : INFO : main : >>>>>> stage Data Transformation stage completed <<<<<<

x==========x]
[2025-03-26 19:17:03,162 : INFO : main : >>>>>> stage Model Trainer stage started <<<<<<]
[2025-03-26 19:17:03,164 : INFO : common : yaml file: config\config.yaml loaded successfully]
[2025-03-26 19:17:03,166 : INFO : common : yaml file: params.yaml loaded successfully]
[2025-03-26 19:17:03,168 : INFO : common : yaml file: schema.yaml loaded successfully]
[2025-03-26 19:17:03,169 : INFO : common : created directory at: artifacts]
[2025-03-26 19:17:03,170 : INFO : common : created directory at: artifacts/model/model_trainer]
[2025-03-26 19:17:03,303 : INFO : main : >>>>>> stage Model Trainer stage completed <<<<<<

x==========x]
[2025-03-26 19:45:43,928 : INFO : main : >>>>>> stage Data Ingestion stage started <<<<<<]
[2025-03-26 19:45:43,940 : INFO : common : yaml file: config\config.yaml loaded successfully]
[2025-03-26 19:45:43,941 : INFO : common : yaml file: params.yaml loaded successfully]
[2025-03-26 19:45:43,943 : INFO : common : yaml file: schema.yaml loaded successfully]
[2025-03-26 19:45:43,944 : INFO : common : created directory at: artifacts]
[2025-03-26 19:45:43,944 : INFO : common : created directory at: artifacts/data_ingestion]
[2025-03-26 19:45:43,945 : INFO : data_ingestion : File already exists]
[2025-03-26 19:45:43,947 : INFO : main : >>>>>> stage Data Ingestion stage completed <<<<<<

x==========x]
[2025-03-26 19:45:43,948 : INFO : main : >>>>>> stage Data Validation stage started <<<<<<]
[2025-03-26 19:45:43,951 : INFO : common : yaml file: config\config.yaml loaded successfully]
[2025-03-26 19:45:43,952 : INFO : common : yaml file: params.yaml loaded successfully]
[2025-03-26 19:45:43,955 : INFO : common : yaml file: schema.yaml loaded successfully]
[2025-03-26 19:45:43,955 : INFO : common : created directory at: artifacts]
[2025-03-26 19:45:43,957 : INFO : common : created directory at: artifacts/data_validation]
[2025-03-26 19:45:43,978 : INFO : main : >>>>>> stage Data Validation stage completed <<<<<<

x==========x]
[2025-03-26 19:45:43,978 : INFO : main : >>>>>> stage Data Transformation stage started <<<<<<]
[2025-03-26 19:45:43,983 : INFO : common : yaml file: config\config.yaml loaded successfully]
[2025-03-26 19:45:43,984 : INFO : common : yaml file: params.yaml loaded successfully]
[2025-03-26 19:45:43,986 : INFO : common : yaml file: schema.yaml loaded successfully]
[2025-03-26 19:45:43,987 : INFO : common : created directory at: artifacts]
[2025-03-26 19:45:43,988 : INFO : common : created directory at: artifacts/data_transformation]
[2025-03-26 19:45:44,008 : INFO : data_transformation : splitted data into training and test sets]
[2025-03-26 19:45:44,008 : INFO : data_transformation : (1199, 12)]
[2025-03-26 19:45:44,009 : INFO : data_transformation : (400, 12)]
[2025-03-26 19:45:44,009 : INFO : main : >>>>>> stage Data Transformation stage completed <<<<<<

x==========x]
[2025-03-26 19:45:44,010 : INFO : main : >>>>>> stage Model Trainer stage started <<<<<<]
[2025-03-26 19:45:44,013 : INFO : common : yaml file: config\config.yaml loaded successfully]
[2025-03-26 19:45:44,014 : INFO : common : yaml file: params.yaml loaded successfully]
[2025-03-26 19:45:44,017 : INFO : common : yaml file: schema.yaml loaded successfully]
[2025-03-26 19:45:44,018 : INFO : common : created directory at: artifacts]
[2025-03-26 19:45:44,019 : INFO : common : created directory at: artifacts/model/model_trainer]
[2025-03-26 19:45:44,078 : INFO : main : >>>>>> stage Model Trainer stage completed <<<<<<

x==========x]
[2025-03-26 19:45:44,079 : INFO : main : >>>>>> stage Model evaluation stage started <<<<<<]
[2025-03-26 19:45:44,081 : INFO : common : yaml file: config\config.yaml loaded successfully]
[2025-03-26 19:45:44,083 : INFO : common : yaml file: params.yaml loaded successfully]
[2025-03-26 19:45:44,084 : INFO : common : yaml file: schema.yaml loaded successfully]
[2025-03-26 19:45:44,085 : INFO : common : created directory at: artifacts]
[2025-03-26 19:45:44,090 : INFO : common : created directory at: artifacts/model_evaluation]
[2025-03-26 19:45:44,095 : ERROR : main : [Errno 2] No such file or directory: 'artifacts/model_trainer/model.joblib']
Traceback (most recent call last):
  File "D:\MLOPS\datascienceproject\main.py", line 55, in <module>
    data_ingestion.initiate_model_evaluation()
  File "D:\MLOPS\datascienceproject\src\datascience\pipeline\model_evaluation_pipeline.py", line 15, in initiate_model_evaluation
    model_evaluation.log_into_mlflow()
  File "D:\MLOPS\datascienceproject\src\datascience\components\model_evaluation.py", line 28, in log_into_mlflow
    model = joblib.load(self.config.model_path)
  File "D:\MLOPS\datascienceproject\venv\lib\site-packages\joblib\numpy_pickle.py", line 650, in load
    with open(filename, 'rb') as f:
FileNotFoundError: [Errno 2] No such file or directory: 'artifacts/model_trainer/model.joblib'
[2025-03-26 19:47:14,864 : INFO : main : >>>>>> stage Data Ingestion stage started <<<<<<]
[2025-03-26 19:47:14,870 : INFO : common : yaml file: config\config.yaml loaded successfully]
[2025-03-26 19:47:14,871 : INFO : common : yaml file: params.yaml loaded successfully]
[2025-03-26 19:47:14,873 : INFO : common : yaml file: schema.yaml loaded successfully]
[2025-03-26 19:47:14,874 : INFO : common : created directory at: artifacts]
[2025-03-26 19:47:14,875 : INFO : common : created directory at: artifacts/data_ingestion]
[2025-03-26 19:47:14,875 : INFO : data_ingestion : File already exists]
[2025-03-26 19:47:14,877 : INFO : main : >>>>>> stage Data Ingestion stage completed <<<<<<

x==========x]
[2025-03-26 19:47:14,878 : INFO : main : >>>>>> stage Data Validation stage started <<<<<<]
[2025-03-26 19:47:14,880 : INFO : common : yaml file: config\config.yaml loaded successfully]
[2025-03-26 19:47:14,882 : INFO : common : yaml file: params.yaml loaded successfully]
[2025-03-26 19:47:14,884 : INFO : common : yaml file: schema.yaml loaded successfully]
[2025-03-26 19:47:14,884 : INFO : common : created directory at: artifacts]
[2025-03-26 19:47:14,885 : INFO : common : created directory at: artifacts/data_validation]
[2025-03-26 19:47:14,926 : INFO : main : >>>>>> stage Data Validation stage completed <<<<<<

x==========x]
[2025-03-26 19:47:14,927 : INFO : main : >>>>>> stage Data Transformation stage started <<<<<<]
[2025-03-26 19:47:14,934 : INFO : common : yaml file: config\config.yaml loaded successfully]
[2025-03-26 19:47:14,936 : INFO : common : yaml file: params.yaml loaded successfully]
[2025-03-26 19:47:14,940 : INFO : common : yaml file: schema.yaml loaded successfully]
[2025-03-26 19:47:14,942 : INFO : common : created directory at: artifacts]
[2025-03-26 19:47:14,942 : INFO : common : created directory at: artifacts/data_transformation]
[2025-03-26 19:47:14,976 : INFO : data_transformation : splitted data into training and test sets]
[2025-03-26 19:47:14,977 : INFO : data_transformation : (1199, 12)]
[2025-03-26 19:47:14,977 : INFO : data_transformation : (400, 12)]
[2025-03-26 19:47:14,978 : INFO : main : >>>>>> stage Data Transformation stage completed <<<<<<

x==========x]
[2025-03-26 19:47:14,979 : INFO : main : >>>>>> stage Model Trainer stage started <<<<<<]
[2025-03-26 19:47:14,983 : INFO : common : yaml file: config\config.yaml loaded successfully]
[2025-03-26 19:47:14,986 : INFO : common : yaml file: params.yaml loaded successfully]
[2025-03-26 19:47:14,988 : INFO : common : yaml file: schema.yaml loaded successfully]
[2025-03-26 19:47:14,988 : INFO : common : created directory at: artifacts]
[2025-03-26 19:47:14,989 : INFO : common : created directory at: artifacts/model/model_trainer]
[2025-03-26 19:47:15,052 : INFO : main : >>>>>> stage Model Trainer stage completed <<<<<<

x==========x]
[2025-03-26 19:47:15,053 : INFO : main : >>>>>> stage Model evaluation stage started <<<<<<]
[2025-03-26 19:47:15,055 : INFO : common : yaml file: config\config.yaml loaded successfully]
[2025-03-26 19:47:15,056 : INFO : common : yaml file: params.yaml loaded successfully]
[2025-03-26 19:47:15,058 : INFO : common : yaml file: schema.yaml loaded successfully]
[2025-03-26 19:47:15,059 : INFO : common : created directory at: artifacts]
[2025-03-26 19:47:15,059 : INFO : common : created directory at: artifacts/model_evaluation]
[2025-03-26 19:47:15,063 : ERROR : main : [Errno 2] No such file or directory: 'artifacts/model/model.joblib']
Traceback (most recent call last):
  File "D:\MLOPS\datascienceproject\main.py", line 55, in <module>
    data_ingestion.initiate_model_evaluation()
  File "D:\MLOPS\datascienceproject\src\datascience\pipeline\model_evaluation_pipeline.py", line 15, in initiate_model_evaluation
    model_evaluation.log_into_mlflow()
  File "D:\MLOPS\datascienceproject\src\datascience\components\model_evaluation.py", line 28, in log_into_mlflow
    model = joblib.load(self.config.model_path)
  File "D:\MLOPS\datascienceproject\venv\lib\site-packages\joblib\numpy_pickle.py", line 650, in load
    with open(filename, 'rb') as f:
FileNotFoundError: [Errno 2] No such file or directory: 'artifacts/model/model.joblib'
[2025-03-26 19:48:32,987 : INFO : main : >>>>>> stage Data Ingestion stage started <<<<<<]
[2025-03-26 19:48:32,992 : INFO : common : yaml file: config\config.yaml loaded successfully]
[2025-03-26 19:48:32,993 : INFO : common : yaml file: params.yaml loaded successfully]
[2025-03-26 19:48:32,995 : INFO : common : yaml file: schema.yaml loaded successfully]
[2025-03-26 19:48:32,995 : INFO : common : created directory at: artifacts]
[2025-03-26 19:48:32,996 : INFO : common : created directory at: artifacts/data_ingestion]
[2025-03-26 19:48:32,996 : INFO : data_ingestion : File already exists]
[2025-03-26 19:48:32,998 : INFO : main : >>>>>> stage Data Ingestion stage completed <<<<<<

x==========x]
[2025-03-26 19:48:32,999 : INFO : main : >>>>>> stage Data Validation stage started <<<<<<]
[2025-03-26 19:48:33,002 : INFO : common : yaml file: config\config.yaml loaded successfully]
[2025-03-26 19:48:33,003 : INFO : common : yaml file: params.yaml loaded successfully]
[2025-03-26 19:48:33,004 : INFO : common : yaml file: schema.yaml loaded successfully]
[2025-03-26 19:48:33,005 : INFO : common : created directory at: artifacts]
[2025-03-26 19:48:33,005 : INFO : common : created directory at: artifacts/data_validation]
[2025-03-26 19:48:33,035 : INFO : main : >>>>>> stage Data Validation stage completed <<<<<<

x==========x]
[2025-03-26 19:48:33,035 : INFO : main : >>>>>> stage Data Transformation stage started <<<<<<]
[2025-03-26 19:48:33,039 : INFO : common : yaml file: config\config.yaml loaded successfully]
[2025-03-26 19:48:33,040 : INFO : common : yaml file: params.yaml loaded successfully]
[2025-03-26 19:48:33,042 : INFO : common : yaml file: schema.yaml loaded successfully]
[2025-03-26 19:48:33,042 : INFO : common : created directory at: artifacts]
[2025-03-26 19:48:33,043 : INFO : common : created directory at: artifacts/data_transformation]
[2025-03-26 19:48:33,065 : INFO : data_transformation : splitted data into training and test sets]
[2025-03-26 19:48:33,065 : INFO : data_transformation : (1199, 12)]
[2025-03-26 19:48:33,065 : INFO : data_transformation : (400, 12)]
[2025-03-26 19:48:33,066 : INFO : main : >>>>>> stage Data Transformation stage completed <<<<<<

x==========x]
[2025-03-26 19:48:33,066 : INFO : main : >>>>>> stage Model Trainer stage started <<<<<<]
[2025-03-26 19:48:33,069 : INFO : common : yaml file: config\config.yaml loaded successfully]
[2025-03-26 19:48:33,071 : INFO : common : yaml file: params.yaml loaded successfully]
[2025-03-26 19:48:33,073 : INFO : common : yaml file: schema.yaml loaded successfully]
[2025-03-26 19:48:33,074 : INFO : common : created directory at: artifacts]
[2025-03-26 19:48:33,075 : INFO : common : created directory at: artifacts/model/model_trainer]
[2025-03-26 19:48:33,117 : INFO : main : >>>>>> stage Model Trainer stage completed <<<<<<

x==========x]
[2025-03-26 19:48:33,118 : INFO : main : >>>>>> stage Model evaluation stage started <<<<<<]
[2025-03-26 19:48:33,121 : INFO : common : yaml file: config\config.yaml loaded successfully]
[2025-03-26 19:48:33,122 : INFO : common : yaml file: params.yaml loaded successfully]
[2025-03-26 19:48:33,124 : INFO : common : yaml file: schema.yaml loaded successfully]
[2025-03-26 19:48:33,125 : INFO : common : created directory at: artifacts]
[2025-03-26 19:48:33,125 : INFO : common : created directory at: artifacts/model_evaluation]
[2025-03-26 19:48:33,127 : ERROR : main : [Errno 2] No such file or directory: 'artifacts/model_trainer/model.joblib']
Traceback (most recent call last):
  File "D:\MLOPS\datascienceproject\main.py", line 55, in <module>
    data_ingestion.initiate_model_evaluation()
  File "D:\MLOPS\datascienceproject\src\datascience\pipeline\model_evaluation_pipeline.py", line 15, in initiate_model_evaluation
    model_evaluation.log_into_mlflow()
  File "D:\MLOPS\datascienceproject\src\datascience\components\model_evaluation.py", line 28, in log_into_mlflow
    model = joblib.load(self.config.model_path)
  File "D:\MLOPS\datascienceproject\venv\lib\site-packages\joblib\numpy_pickle.py", line 650, in load
    with open(filename, 'rb') as f:
FileNotFoundError: [Errno 2] No such file or directory: 'artifacts/model_trainer/model.joblib'
[2025-03-26 19:49:19,642 : INFO : main : >>>>>> stage Data Ingestion stage started <<<<<<]
[2025-03-26 19:49:19,659 : INFO : common : yaml file: config\config.yaml loaded successfully]
[2025-03-26 19:49:19,661 : INFO : common : yaml file: params.yaml loaded successfully]
[2025-03-26 19:49:19,662 : INFO : common : yaml file: schema.yaml loaded successfully]
[2025-03-26 19:49:19,663 : INFO : common : created directory at: artifacts]
[2025-03-26 19:49:19,663 : INFO : common : created directory at: artifacts/data_ingestion]
[2025-03-26 19:49:19,663 : INFO : data_ingestion : File already exists]
[2025-03-26 19:49:19,665 : INFO : main : >>>>>> stage Data Ingestion stage completed <<<<<<

x==========x]
[2025-03-26 19:49:19,665 : INFO : main : >>>>>> stage Data Validation stage started <<<<<<]
[2025-03-26 19:49:19,668 : INFO : common : yaml file: config\config.yaml loaded successfully]
[2025-03-26 19:49:19,669 : INFO : common : yaml file: params.yaml loaded successfully]
[2025-03-26 19:49:19,671 : INFO : common : yaml file: schema.yaml loaded successfully]
[2025-03-26 19:49:19,672 : INFO : common : created directory at: artifacts]
[2025-03-26 19:49:19,672 : INFO : common : created directory at: artifacts/data_validation]
[2025-03-26 19:49:19,698 : INFO : main : >>>>>> stage Data Validation stage completed <<<<<<

x==========x]
[2025-03-26 19:49:19,700 : INFO : main : >>>>>> stage Data Transformation stage started <<<<<<]
[2025-03-26 19:49:19,704 : INFO : common : yaml file: config\config.yaml loaded successfully]
[2025-03-26 19:49:19,706 : INFO : common : yaml file: params.yaml loaded successfully]
[2025-03-26 19:49:19,707 : INFO : common : yaml file: schema.yaml loaded successfully]
[2025-03-26 19:49:19,708 : INFO : common : created directory at: artifacts]
[2025-03-26 19:49:19,708 : INFO : common : created directory at: artifacts/data_transformation]
[2025-03-26 19:49:19,735 : INFO : data_transformation : splitted data into training and test sets]
[2025-03-26 19:49:19,736 : INFO : data_transformation : (1199, 12)]
[2025-03-26 19:49:19,737 : INFO : data_transformation : (400, 12)]
[2025-03-26 19:49:19,737 : INFO : main : >>>>>> stage Data Transformation stage completed <<<<<<

x==========x]
[2025-03-26 19:49:19,738 : INFO : main : >>>>>> stage Model Trainer stage started <<<<<<]
[2025-03-26 19:49:19,742 : INFO : common : yaml file: config\config.yaml loaded successfully]
[2025-03-26 19:49:19,743 : INFO : common : yaml file: params.yaml loaded successfully]
[2025-03-26 19:49:19,745 : INFO : common : yaml file: schema.yaml loaded successfully]
[2025-03-26 19:49:19,746 : INFO : common : created directory at: artifacts]
[2025-03-26 19:49:19,747 : INFO : common : created directory at: artifacts/model/model_trainer]
[2025-03-26 19:49:19,796 : INFO : main : >>>>>> stage Model Trainer stage completed <<<<<<

x==========x]
[2025-03-26 19:49:19,796 : INFO : main : >>>>>> stage Model evaluation stage started <<<<<<]
[2025-03-26 19:49:19,799 : INFO : common : yaml file: config\config.yaml loaded successfully]
[2025-03-26 19:49:19,800 : INFO : common : yaml file: params.yaml loaded successfully]
[2025-03-26 19:49:19,802 : INFO : common : yaml file: schema.yaml loaded successfully]
[2025-03-26 19:49:19,803 : INFO : common : created directory at: artifacts]
[2025-03-26 19:49:19,803 : INFO : common : created directory at: artifacts/model_evaluation]
[2025-03-26 19:49:21,961 : INFO : common : json file saved at: artifacts\model_evaluation\metrics.json]
[2025-03-26 19:49:36,000 : INFO : main : >>>>>> stage Model evaluation stage completed <<<<<<

x==========x]
[2025-03-26 20:08:04,938 : INFO : main : >>>>>> stage Data Ingestion stage started <<<<<<]
[2025-03-26 20:08:04,941 : INFO : common : yaml file: config\config.yaml loaded successfully]
[2025-03-26 20:08:04,942 : INFO : common : yaml file: params.yaml loaded successfully]
[2025-03-26 20:08:04,944 : INFO : common : yaml file: schema.yaml loaded successfully]
[2025-03-26 20:08:04,944 : INFO : common : created directory at: artifacts]
[2025-03-26 20:08:04,944 : INFO : common : created directory at: artifacts/data_ingestion]
[2025-03-26 20:08:04,946 : INFO : data_ingestion : File already exists]
[2025-03-26 20:08:04,949 : INFO : main : >>>>>> stage Data Ingestion stage completed <<<<<<

x==========x]
[2025-03-26 20:08:04,949 : INFO : main : >>>>>> stage Data Validation stage started <<<<<<]
[2025-03-26 20:08:04,953 : INFO : common : yaml file: config\config.yaml loaded successfully]
[2025-03-26 20:08:04,953 : INFO : common : yaml file: params.yaml loaded successfully]
[2025-03-26 20:08:04,956 : INFO : common : yaml file: schema.yaml loaded successfully]
[2025-03-26 20:08:04,956 : INFO : common : created directory at: artifacts]
[2025-03-26 20:08:04,957 : INFO : common : created directory at: artifacts/data_validation]
[2025-03-26 20:08:04,986 : INFO : main : >>>>>> stage Data Validation stage completed <<<<<<

x==========x]
[2025-03-26 20:08:04,986 : INFO : main : >>>>>> stage Data Transformation stage started <<<<<<]
[2025-03-26 20:08:04,990 : INFO : common : yaml file: config\config.yaml loaded successfully]
[2025-03-26 20:08:04,991 : INFO : common : yaml file: params.yaml loaded successfully]
[2025-03-26 20:08:04,994 : INFO : common : yaml file: schema.yaml loaded successfully]
[2025-03-26 20:08:04,995 : INFO : common : created directory at: artifacts]
[2025-03-26 20:08:04,996 : INFO : common : created directory at: artifacts/data_transformation]
[2025-03-26 20:08:05,014 : INFO : data_transformation : splitted data into training and test sets]
[2025-03-26 20:08:05,014 : INFO : data_transformation : (1199, 12)]
[2025-03-26 20:08:05,015 : INFO : data_transformation : (400, 12)]
[2025-03-26 20:08:05,015 : INFO : main : >>>>>> stage Data Transformation stage completed <<<<<<

x==========x]
[2025-03-26 20:08:05,016 : INFO : main : >>>>>> stage Model Trainer stage started <<<<<<]
[2025-03-26 20:08:05,019 : INFO : common : yaml file: config\config.yaml loaded successfully]
[2025-03-26 20:08:05,021 : INFO : common : yaml file: params.yaml loaded successfully]
[2025-03-26 20:08:05,023 : INFO : common : yaml file: schema.yaml loaded successfully]
[2025-03-26 20:08:05,025 : INFO : common : created directory at: artifacts]
[2025-03-26 20:08:05,025 : INFO : common : created directory at: artifacts/model/model_trainer]
[2025-03-26 20:08:05,080 : INFO : main : >>>>>> stage Model Trainer stage completed <<<<<<

x==========x]
[2025-03-26 20:08:05,081 : INFO : main : >>>>>> stage Model evaluation stage started <<<<<<]
[2025-03-26 20:08:05,085 : INFO : common : yaml file: config\config.yaml loaded successfully]
[2025-03-26 20:08:05,086 : INFO : common : yaml file: params.yaml loaded successfully]
[2025-03-26 20:08:05,089 : INFO : common : yaml file: schema.yaml loaded successfully]
[2025-03-26 20:08:05,091 : INFO : common : created directory at: artifacts]
[2025-03-26 20:08:05,091 : INFO : common : created directory at: artifacts/model_evaluation]
[2025-03-26 20:08:05,954 : INFO : common : json file saved at: artifacts\model_evaluation\metrics.json]
[2025-03-26 20:08:11,207 : INFO : main : >>>>>> stage Model evaluation stage completed <<<<<<

x==========x]
[2025-03-26 20:12:01,757 : INFO : main : >>>>>> stage Data Ingestion stage started <<<<<<]
[2025-03-26 20:12:01,760 : INFO : common : yaml file: config\config.yaml loaded successfully]
[2025-03-26 20:12:01,761 : INFO : common : yaml file: params.yaml loaded successfully]
[2025-03-26 20:12:01,762 : INFO : common : yaml file: schema.yaml loaded successfully]
[2025-03-26 20:12:01,763 : INFO : common : created directory at: artifacts]
[2025-03-26 20:12:01,763 : INFO : common : created directory at: artifacts/data_ingestion]
[2025-03-26 20:12:01,763 : INFO : data_ingestion : File already exists]
[2025-03-26 20:12:01,766 : INFO : main : >>>>>> stage Data Ingestion stage completed <<<<<<

x==========x]
[2025-03-26 20:12:01,767 : INFO : main : >>>>>> stage Data Validation stage started <<<<<<]
[2025-03-26 20:12:01,770 : INFO : common : yaml file: config\config.yaml loaded successfully]
[2025-03-26 20:12:01,771 : INFO : common : yaml file: params.yaml loaded successfully]
[2025-03-26 20:12:01,773 : INFO : common : yaml file: schema.yaml loaded successfully]
[2025-03-26 20:12:01,773 : INFO : common : created directory at: artifacts]
[2025-03-26 20:12:01,774 : INFO : common : created directory at: artifacts/data_validation]
[2025-03-26 20:12:01,803 : INFO : main : >>>>>> stage Data Validation stage completed <<<<<<

x==========x]
[2025-03-26 20:12:01,803 : INFO : main : >>>>>> stage Data Transformation stage started <<<<<<]
[2025-03-26 20:12:01,809 : INFO : common : yaml file: config\config.yaml loaded successfully]
[2025-03-26 20:12:01,810 : INFO : common : yaml file: params.yaml loaded successfully]
[2025-03-26 20:12:01,812 : INFO : common : yaml file: schema.yaml loaded successfully]
[2025-03-26 20:12:01,813 : INFO : common : created directory at: artifacts]
[2025-03-26 20:12:01,814 : INFO : common : created directory at: artifacts/data_transformation]
[2025-03-26 20:12:01,866 : INFO : data_transformation : splitted data into training and test sets]
[2025-03-26 20:12:01,866 : INFO : data_transformation : (1199, 12)]
[2025-03-26 20:12:01,867 : INFO : data_transformation : (400, 12)]
[2025-03-26 20:12:01,867 : INFO : main : >>>>>> stage Data Transformation stage completed <<<<<<

x==========x]
[2025-03-26 20:12:01,868 : INFO : main : >>>>>> stage Model Trainer stage started <<<<<<]
[2025-03-26 20:12:01,870 : INFO : common : yaml file: config\config.yaml loaded successfully]
[2025-03-26 20:12:01,871 : INFO : common : yaml file: params.yaml loaded successfully]
[2025-03-26 20:12:01,873 : INFO : common : yaml file: schema.yaml loaded successfully]
[2025-03-26 20:12:01,873 : INFO : common : created directory at: artifacts]
[2025-03-26 20:12:01,874 : INFO : common : created directory at: artifacts/model/model_trainer]
[2025-03-26 20:12:01,910 : INFO : main : >>>>>> stage Model Trainer stage completed <<<<<<

x==========x]
[2025-03-26 20:12:01,910 : INFO : main : >>>>>> stage Model evaluation stage started <<<<<<]
[2025-03-26 20:12:01,913 : INFO : common : yaml file: config\config.yaml loaded successfully]
[2025-03-26 20:12:01,915 : INFO : common : yaml file: params.yaml loaded successfully]
[2025-03-26 20:12:01,917 : INFO : common : yaml file: schema.yaml loaded successfully]
[2025-03-26 20:12:01,917 : INFO : common : created directory at: artifacts]
[2025-03-26 20:12:01,918 : INFO : common : created directory at: artifacts/model_evaluation]
[2025-03-26 20:12:02,705 : INFO : common : json file saved at: artifacts\model_evaluation\metrics.json]
[2025-03-26 20:12:07,439 : INFO : main : >>>>>> stage Model evaluation stage completed <<<<<<

x==========x]
[2025-03-26 20:15:17,612 : INFO : main : >>>>>> stage Data Ingestion stage started <<<<<<]
[2025-03-26 20:15:17,614 : INFO : common : yaml file: config\config.yaml loaded successfully]
[2025-03-26 20:15:17,616 : INFO : common : yaml file: params.yaml loaded successfully]
[2025-03-26 20:15:17,618 : INFO : common : yaml file: schema.yaml loaded successfully]
[2025-03-26 20:15:17,619 : INFO : common : created directory at: artifacts]
[2025-03-26 20:15:17,619 : INFO : common : created directory at: artifacts/data_ingestion]
[2025-03-26 20:15:17,620 : INFO : data_ingestion : File already exists]
[2025-03-26 20:15:17,640 : INFO : main : >>>>>> stage Data Ingestion stage completed <<<<<<

x==========x]
[2025-03-26 20:15:17,641 : INFO : main : >>>>>> stage Data Validation stage started <<<<<<]
[2025-03-26 20:15:17,646 : INFO : common : yaml file: config\config.yaml loaded successfully]
[2025-03-26 20:15:17,647 : INFO : common : yaml file: params.yaml loaded successfully]
[2025-03-26 20:15:17,650 : INFO : common : yaml file: schema.yaml loaded successfully]
[2025-03-26 20:15:17,652 : INFO : common : created directory at: artifacts]
[2025-03-26 20:15:17,653 : INFO : common : created directory at: artifacts/data_validation]
[2025-03-26 20:15:17,681 : INFO : main : >>>>>> stage Data Validation stage completed <<<<<<

x==========x]
[2025-03-26 20:15:17,682 : INFO : main : >>>>>> stage Data Transformation stage started <<<<<<]
[2025-03-26 20:15:17,687 : INFO : common : yaml file: config\config.yaml loaded successfully]
[2025-03-26 20:15:17,690 : INFO : common : yaml file: params.yaml loaded successfully]
[2025-03-26 20:15:17,692 : INFO : common : yaml file: schema.yaml loaded successfully]
[2025-03-26 20:15:17,693 : INFO : common : created directory at: artifacts]
[2025-03-26 20:15:17,693 : INFO : common : created directory at: artifacts/data_transformation]
[2025-03-26 20:15:17,716 : INFO : data_transformation : splitted data into training and test sets]
[2025-03-26 20:15:17,716 : INFO : data_transformation : (1199, 12)]
[2025-03-26 20:15:17,717 : INFO : data_transformation : (400, 12)]
[2025-03-26 20:15:17,717 : INFO : main : >>>>>> stage Data Transformation stage completed <<<<<<

x==========x]
[2025-03-26 20:15:17,717 : INFO : main : >>>>>> stage Model Trainer stage started <<<<<<]
[2025-03-26 20:15:17,720 : INFO : common : yaml file: config\config.yaml loaded successfully]
[2025-03-26 20:15:17,721 : INFO : common : yaml file: params.yaml loaded successfully]
[2025-03-26 20:15:17,723 : INFO : common : yaml file: schema.yaml loaded successfully]
[2025-03-26 20:15:17,725 : INFO : common : created directory at: artifacts]
[2025-03-26 20:15:17,725 : INFO : common : created directory at: artifacts/model/model_trainer]
[2025-03-26 20:15:17,771 : INFO : main : >>>>>> stage Model Trainer stage completed <<<<<<

x==========x]
[2025-03-26 20:15:17,772 : INFO : main : >>>>>> stage Model evaluation stage started <<<<<<]
[2025-03-26 20:15:17,776 : INFO : common : yaml file: config\config.yaml loaded successfully]
[2025-03-26 20:15:17,778 : INFO : common : yaml file: params.yaml loaded successfully]
[2025-03-26 20:15:17,780 : INFO : common : yaml file: schema.yaml loaded successfully]
[2025-03-26 20:15:17,781 : INFO : common : created directory at: artifacts]
[2025-03-26 20:15:17,781 : INFO : common : created directory at: artifacts/model_evaluation]
[2025-03-26 20:15:19,009 : INFO : common : json file saved at: artifacts\model_evaluation\metrics.json]
[2025-03-26 20:15:23,961 : INFO : main : >>>>>> stage Model evaluation stage completed <<<<<<

x==========x]
[2025-03-26 20:17:42,367 : INFO : main : >>>>>> stage Data Ingestion stage started <<<<<<]
[2025-03-26 20:17:42,370 : INFO : common : yaml file: config\config.yaml loaded successfully]
[2025-03-26 20:17:42,371 : INFO : common : yaml file: params.yaml loaded successfully]
[2025-03-26 20:17:42,373 : INFO : common : yaml file: schema.yaml loaded successfully]
[2025-03-26 20:17:42,374 : INFO : common : created directory at: artifacts]
[2025-03-26 20:17:42,374 : INFO : common : created directory at: artifacts/data_ingestion]
[2025-03-26 20:17:42,375 : INFO : data_ingestion : File already exists]
[2025-03-26 20:17:42,377 : INFO : main : >>>>>> stage Data Ingestion stage completed <<<<<<

x==========x]
[2025-03-26 20:17:42,377 : INFO : main : >>>>>> stage Data Validation stage started <<<<<<]
[2025-03-26 20:17:42,380 : INFO : common : yaml file: config\config.yaml loaded successfully]
[2025-03-26 20:17:42,381 : INFO : common : yaml file: params.yaml loaded successfully]
[2025-03-26 20:17:42,383 : INFO : common : yaml file: schema.yaml loaded successfully]
[2025-03-26 20:17:42,383 : INFO : common : created directory at: artifacts]
[2025-03-26 20:17:42,384 : INFO : common : created directory at: artifacts/data_validation]
[2025-03-26 20:17:42,414 : INFO : main : >>>>>> stage Data Validation stage completed <<<<<<

x==========x]
[2025-03-26 20:17:42,415 : INFO : main : >>>>>> stage Data Transformation stage started <<<<<<]
[2025-03-26 20:17:42,420 : INFO : common : yaml file: config\config.yaml loaded successfully]
[2025-03-26 20:17:42,421 : INFO : common : yaml file: params.yaml loaded successfully]
[2025-03-26 20:17:42,423 : INFO : common : yaml file: schema.yaml loaded successfully]
[2025-03-26 20:17:42,423 : INFO : common : created directory at: artifacts]
[2025-03-26 20:17:42,424 : INFO : common : created directory at: artifacts/data_transformation]
[2025-03-26 20:17:42,446 : INFO : data_transformation : splitted data into training and test sets]
[2025-03-26 20:17:42,446 : INFO : data_transformation : (1199, 12)]
[2025-03-26 20:17:42,447 : INFO : data_transformation : (400, 12)]
[2025-03-26 20:17:42,447 : INFO : main : >>>>>> stage Data Transformation stage completed <<<<<<

x==========x]
[2025-03-26 20:17:42,447 : INFO : main : >>>>>> stage Model Trainer stage started <<<<<<]
[2025-03-26 20:17:42,451 : INFO : common : yaml file: config\config.yaml loaded successfully]
[2025-03-26 20:17:42,452 : INFO : common : yaml file: params.yaml loaded successfully]
[2025-03-26 20:17:42,454 : INFO : common : yaml file: schema.yaml loaded successfully]
[2025-03-26 20:17:42,455 : INFO : common : created directory at: artifacts]
[2025-03-26 20:17:42,455 : INFO : common : created directory at: artifacts/model/model_trainer]
[2025-03-26 20:17:42,491 : INFO : main : >>>>>> stage Model Trainer stage completed <<<<<<

x==========x]
[2025-03-26 20:17:42,492 : INFO : main : >>>>>> stage Model evaluation stage started <<<<<<]
[2025-03-26 20:17:42,495 : INFO : common : yaml file: config\config.yaml loaded successfully]
[2025-03-26 20:17:42,496 : INFO : common : yaml file: params.yaml loaded successfully]
[2025-03-26 20:17:42,498 : INFO : common : yaml file: schema.yaml loaded successfully]
[2025-03-26 20:17:42,499 : INFO : common : created directory at: artifacts]
[2025-03-26 20:17:42,500 : INFO : common : created directory at: artifacts/model_evaluation]
[2025-03-26 20:17:43,507 : INFO : common : json file saved at: artifacts\model_evaluation\metrics.json]
[2025-03-26 20:17:48,226 : INFO : main : >>>>>> stage Model evaluation stage completed <<<<<<

x==========x]
[2025-03-26 20:19:21,174 : INFO : main : >>>>>> stage Data Ingestion stage started <<<<<<]
[2025-03-26 20:19:21,177 : INFO : common : yaml file: config\config.yaml loaded successfully]
[2025-03-26 20:19:21,178 : INFO : common : yaml file: params.yaml loaded successfully]
[2025-03-26 20:19:21,181 : INFO : common : yaml file: schema.yaml loaded successfully]
[2025-03-26 20:19:21,182 : INFO : common : created directory at: artifacts]
[2025-03-26 20:19:21,182 : INFO : common : created directory at: artifacts/data_ingestion]
[2025-03-26 20:19:21,182 : INFO : data_ingestion : File already exists]
[2025-03-26 20:19:21,185 : INFO : main : >>>>>> stage Data Ingestion stage completed <<<<<<

x==========x]
[2025-03-26 20:19:21,186 : INFO : main : >>>>>> stage Data Validation stage started <<<<<<]
[2025-03-26 20:19:21,187 : INFO : common : yaml file: config\config.yaml loaded successfully]
[2025-03-26 20:19:21,188 : INFO : common : yaml file: params.yaml loaded successfully]
[2025-03-26 20:19:21,190 : INFO : common : yaml file: schema.yaml loaded successfully]
[2025-03-26 20:19:21,191 : INFO : common : created directory at: artifacts]
[2025-03-26 20:19:21,191 : INFO : common : created directory at: artifacts/data_validation]
[2025-03-26 20:19:21,215 : INFO : main : >>>>>> stage Data Validation stage completed <<<<<<

x==========x]
[2025-03-26 20:19:21,215 : INFO : main : >>>>>> stage Data Transformation stage started <<<<<<]
[2025-03-26 20:19:21,219 : INFO : common : yaml file: config\config.yaml loaded successfully]
[2025-03-26 20:19:21,220 : INFO : common : yaml file: params.yaml loaded successfully]
[2025-03-26 20:19:21,222 : INFO : common : yaml file: schema.yaml loaded successfully]
[2025-03-26 20:19:21,223 : INFO : common : created directory at: artifacts]
[2025-03-26 20:19:21,223 : INFO : common : created directory at: artifacts/data_transformation]
[2025-03-26 20:19:21,239 : INFO : data_transformation : splitted data into training and test sets]
[2025-03-26 20:19:21,239 : INFO : data_transformation : (1199, 12)]
[2025-03-26 20:19:21,239 : INFO : data_transformation : (400, 12)]
[2025-03-26 20:19:21,241 : INFO : main : >>>>>> stage Data Transformation stage completed <<<<<<

x==========x]
[2025-03-26 20:19:21,241 : INFO : main : >>>>>> stage Model Trainer stage started <<<<<<]
[2025-03-26 20:19:21,245 : INFO : common : yaml file: config\config.yaml loaded successfully]
[2025-03-26 20:19:21,245 : INFO : common : yaml file: params.yaml loaded successfully]
[2025-03-26 20:19:21,247 : INFO : common : yaml file: schema.yaml loaded successfully]
[2025-03-26 20:19:21,247 : INFO : common : created directory at: artifacts]
[2025-03-26 20:19:21,247 : INFO : common : created directory at: artifacts/model/model_trainer]
[2025-03-26 20:19:21,299 : INFO : main : >>>>>> stage Model Trainer stage completed <<<<<<

x==========x]
[2025-03-26 20:19:21,299 : INFO : main : >>>>>> stage Model evaluation stage started <<<<<<]
[2025-03-26 20:19:21,302 : INFO : common : yaml file: config\config.yaml loaded successfully]
[2025-03-26 20:19:21,303 : INFO : common : yaml file: params.yaml loaded successfully]
[2025-03-26 20:19:21,304 : INFO : common : yaml file: schema.yaml loaded successfully]
[2025-03-26 20:19:21,305 : INFO : common : created directory at: artifacts]
[2025-03-26 20:19:21,305 : INFO : common : created directory at: artifacts/model_evaluation]
[2025-03-26 20:19:22,005 : INFO : common : json file saved at: artifacts\model_evaluation\metrics.json]
[2025-03-26 20:19:26,411 : INFO : main : >>>>>> stage Model evaluation stage completed <<<<<<

x==========x]
[2025-03-26 20:29:36,537 : INFO : main : >>>>>> stage Data Ingestion stage started <<<<<<]
[2025-03-26 20:29:36,541 : INFO : common : yaml file: config\config.yaml loaded successfully]
[2025-03-26 20:29:36,541 : INFO : common : yaml file: params.yaml loaded successfully]
[2025-03-26 20:29:36,543 : INFO : common : yaml file: schema.yaml loaded successfully]
[2025-03-26 20:29:36,543 : INFO : common : created directory at: artifacts]
[2025-03-26 20:29:36,544 : INFO : common : created directory at: artifacts/data_ingestion]
[2025-03-26 20:29:36,544 : INFO : data_ingestion : File already exists]
[2025-03-26 20:29:36,548 : INFO : main : >>>>>> stage Data Ingestion stage completed <<<<<<

x==========x]
[2025-03-26 20:29:36,548 : INFO : main : >>>>>> stage Data Validation stage started <<<<<<]
[2025-03-26 20:29:36,551 : INFO : common : yaml file: config\config.yaml loaded successfully]
[2025-03-26 20:29:36,552 : INFO : common : yaml file: params.yaml loaded successfully]
[2025-03-26 20:29:36,553 : INFO : common : yaml file: schema.yaml loaded successfully]
[2025-03-26 20:29:36,554 : INFO : common : created directory at: artifacts]
[2025-03-26 20:29:36,554 : INFO : common : created directory at: artifacts/data_validation]
[2025-03-26 20:29:36,583 : INFO : main : >>>>>> stage Data Validation stage completed <<<<<<

x==========x]
[2025-03-26 20:29:36,584 : INFO : main : >>>>>> stage Data Transformation stage started <<<<<<]
[2025-03-26 20:29:36,588 : INFO : common : yaml file: config\config.yaml loaded successfully]
[2025-03-26 20:29:36,588 : INFO : common : yaml file: params.yaml loaded successfully]
[2025-03-26 20:29:36,591 : INFO : common : yaml file: schema.yaml loaded successfully]
[2025-03-26 20:29:36,592 : INFO : common : created directory at: artifacts]
[2025-03-26 20:29:36,592 : INFO : common : created directory at: artifacts/data_transformation]
[2025-03-26 20:29:36,609 : INFO : data_transformation : splitted data into training and test sets]
[2025-03-26 20:29:36,610 : INFO : data_transformation : (1199, 12)]
[2025-03-26 20:29:36,610 : INFO : data_transformation : (400, 12)]
[2025-03-26 20:29:36,611 : INFO : main : >>>>>> stage Data Transformation stage completed <<<<<<

x==========x]
[2025-03-26 20:29:36,611 : INFO : main : >>>>>> stage Model Trainer stage started <<<<<<]
[2025-03-26 20:29:36,614 : INFO : common : yaml file: config\config.yaml loaded successfully]
[2025-03-26 20:29:36,615 : INFO : common : yaml file: params.yaml loaded successfully]
[2025-03-26 20:29:36,617 : INFO : common : yaml file: schema.yaml loaded successfully]
[2025-03-26 20:29:36,617 : INFO : common : created directory at: artifacts]
[2025-03-26 20:29:36,617 : INFO : common : created directory at: artifacts/model/model_trainer]
[2025-03-26 20:29:36,652 : INFO : main : >>>>>> stage Model Trainer stage completed <<<<<<

x==========x]
[2025-03-26 20:29:36,653 : INFO : main : >>>>>> stage Model evaluation stage started <<<<<<]
[2025-03-26 20:29:36,656 : INFO : common : yaml file: config\config.yaml loaded successfully]
[2025-03-26 20:29:36,657 : INFO : common : yaml file: params.yaml loaded successfully]
[2025-03-26 20:29:36,659 : INFO : common : yaml file: schema.yaml loaded successfully]
[2025-03-26 20:29:36,660 : INFO : common : created directory at: artifacts]
[2025-03-26 20:29:36,660 : INFO : common : created directory at: artifacts/model_evaluation]
[2025-03-26 20:29:38,781 : INFO : common : json file saved at: artifacts\model_evaluation\metrics.json]
[2025-03-26 20:29:53,138 : INFO : main : >>>>>> stage Model evaluation stage completed <<<<<<

x==========x]
[2025-03-26 22:31:38,752 : INFO : _internal : [31m[1mWARNING: This is a development server. Do not use it in a production deployment. Use a production WSGI server instead.[0m
 * Running on all addresses (0.0.0.0)
 * Running on http://127.0.0.1:8080
 * Running on http://10.145.10.165:8080]
[2025-03-26 22:31:38,752 : INFO : _internal : [33mPress CTRL+C to quit[0m]
[2025-03-26 22:31:50,686 : INFO : _internal : 10.145.10.165 - - [26/Mar/2025 22:31:50] "GET / HTTP/1.1" 200 -]
[2025-03-26 22:31:50,809 : INFO : _internal : 10.145.10.165 - - [26/Mar/2025 22:31:50] "[33mGET /static/assets/img/form-v9.jpg HTTP/1.1[0m" 404 -]
[2025-03-26 22:31:50,973 : INFO : _internal : 10.145.10.165 - - [26/Mar/2025 22:31:50] "[33mGET /favicon.ico HTTP/1.1[0m" 404 -]
[2025-03-26 22:32:18,497 : INFO : main : >>>>>> stage Data Ingestion stage started <<<<<<]
[2025-03-26 22:32:18,514 : INFO : common : yaml file: config\config.yaml loaded successfully]
[2025-03-26 22:32:18,516 : INFO : common : yaml file: params.yaml loaded successfully]
[2025-03-26 22:32:18,518 : INFO : common : yaml file: schema.yaml loaded successfully]
[2025-03-26 22:32:18,519 : INFO : common : created directory at: artifacts]
[2025-03-26 22:32:18,519 : INFO : common : created directory at: artifacts/data_ingestion]
[2025-03-26 22:32:18,520 : INFO : data_ingestion : File already exists]
[2025-03-26 22:32:18,569 : INFO : main : >>>>>> stage Data Ingestion stage completed <<<<<<

x==========x]
[2025-03-26 22:32:18,570 : INFO : main : >>>>>> stage Data Validation stage started <<<<<<]
[2025-03-26 22:32:18,573 : INFO : common : yaml file: config\config.yaml loaded successfully]
[2025-03-26 22:32:18,574 : INFO : common : yaml file: params.yaml loaded successfully]
[2025-03-26 22:32:18,576 : INFO : common : yaml file: schema.yaml loaded successfully]
[2025-03-26 22:32:18,577 : INFO : common : created directory at: artifacts]
[2025-03-26 22:32:18,577 : INFO : common : created directory at: artifacts/data_validation]
[2025-03-26 22:32:18,661 : INFO : main : >>>>>> stage Data Validation stage completed <<<<<<

x==========x]
[2025-03-26 22:32:18,661 : INFO : main : >>>>>> stage Data Transformation stage started <<<<<<]
[2025-03-26 22:32:18,665 : INFO : common : yaml file: config\config.yaml loaded successfully]
[2025-03-26 22:32:18,666 : INFO : common : yaml file: params.yaml loaded successfully]
[2025-03-26 22:32:18,668 : INFO : common : yaml file: schema.yaml loaded successfully]
[2025-03-26 22:32:18,669 : INFO : common : created directory at: artifacts]
[2025-03-26 22:32:18,669 : INFO : common : created directory at: artifacts/data_transformation]
[2025-03-26 22:32:18,791 : INFO : data_transformation : splitted data into training and test sets]
[2025-03-26 22:32:18,791 : INFO : data_transformation : (1199, 12)]
[2025-03-26 22:32:18,792 : INFO : data_transformation : (400, 12)]
[2025-03-26 22:32:18,793 : INFO : main : >>>>>> stage Data Transformation stage completed <<<<<<

x==========x]
[2025-03-26 22:32:18,793 : INFO : main : >>>>>> stage Model Trainer stage started <<<<<<]
[2025-03-26 22:32:18,795 : INFO : common : yaml file: config\config.yaml loaded successfully]
[2025-03-26 22:32:18,796 : INFO : common : yaml file: params.yaml loaded successfully]
[2025-03-26 22:32:18,798 : INFO : common : yaml file: schema.yaml loaded successfully]
[2025-03-26 22:32:18,798 : INFO : common : created directory at: artifacts]
[2025-03-26 22:32:18,800 : INFO : common : created directory at: artifacts/model/model_trainer]
[2025-03-26 22:32:18,963 : INFO : main : >>>>>> stage Model Trainer stage completed <<<<<<

x==========x]
[2025-03-26 22:32:18,963 : INFO : main : >>>>>> stage Model evaluation stage started <<<<<<]
[2025-03-26 22:32:18,966 : INFO : common : yaml file: config\config.yaml loaded successfully]
[2025-03-26 22:32:18,967 : INFO : common : yaml file: params.yaml loaded successfully]
[2025-03-26 22:32:18,968 : INFO : common : yaml file: schema.yaml loaded successfully]
[2025-03-26 22:32:18,969 : INFO : common : created directory at: artifacts]
[2025-03-26 22:32:18,969 : INFO : common : created directory at: artifacts/model_evaluation]
[2025-03-26 22:32:21,199 : INFO : common : json file saved at: artifacts\model_evaluation\metrics.json]
[2025-03-26 22:32:38,720 : INFO : main : >>>>>> stage Model evaluation stage completed <<<<<<

x==========x]
[2025-03-26 22:32:39,248 : INFO : _internal : 10.145.10.165 - - [26/Mar/2025 22:32:39] "GET /train HTTP/1.1" 200 -]
[2025-03-26 22:32:48,324 : INFO : _internal : 10.145.10.165 - - [26/Mar/2025 22:32:48] "GET / HTTP/1.1" 200 -]
[2025-03-26 22:32:48,416 : INFO : _internal : 10.145.10.165 - - [26/Mar/2025 22:32:48] "[33mGET /static/assets/img/form-v9.jpg HTTP/1.1[0m" 404 -]
[2025-03-26 22:33:07,701 : INFO : _internal : 10.145.10.165 - - [26/Mar/2025 22:33:07] "POST /predict HTTP/1.1" 200 -]
[2025-03-26 22:35:00,685 : INFO : _internal : [31m[1mWARNING: This is a development server. Do not use it in a production deployment. Use a production WSGI server instead.[0m
 * Running on all addresses (0.0.0.0)
 * Running on http://127.0.0.1:8080
 * Running on http://10.145.10.165:8080]
[2025-03-26 22:35:00,686 : INFO : _internal : [33mPress CTRL+C to quit[0m]
[2025-03-26 22:35:08,321 : INFO : _internal : 127.0.0.1 - - [26/Mar/2025 22:35:08] "GET / HTTP/1.1" 200 -]
[2025-03-26 22:35:08,459 : INFO : _internal : 127.0.0.1 - - [26/Mar/2025 22:35:08] "[33mGET /static/assets/img/form-v9.jpg HTTP/1.1[0m" 404 -]
[2025-03-26 22:35:08,541 : INFO : _internal : 127.0.0.1 - - [26/Mar/2025 22:35:08] "[33mGET /favicon.ico HTTP/1.1[0m" 404 -]
[2025-03-26 22:35:19,525 : INFO : main : >>>>>> stage Data Ingestion stage started <<<<<<]
[2025-03-26 22:35:19,528 : INFO : common : yaml file: config\config.yaml loaded successfully]
[2025-03-26 22:35:19,529 : INFO : common : yaml file: params.yaml loaded successfully]
[2025-03-26 22:35:19,531 : INFO : common : yaml file: schema.yaml loaded successfully]
[2025-03-26 22:35:19,532 : INFO : common : created directory at: artifacts]
[2025-03-26 22:35:19,532 : INFO : common : created directory at: artifacts/data_ingestion]
[2025-03-26 22:35:19,532 : INFO : data_ingestion : File already exists]
[2025-03-26 22:35:19,535 : INFO : main : >>>>>> stage Data Ingestion stage completed <<<<<<

x==========x]
[2025-03-26 22:35:19,536 : INFO : main : >>>>>> stage Data Validation stage started <<<<<<]
[2025-03-26 22:35:19,538 : INFO : common : yaml file: config\config.yaml loaded successfully]
[2025-03-26 22:35:19,540 : INFO : common : yaml file: params.yaml loaded successfully]
[2025-03-26 22:35:19,542 : INFO : common : yaml file: schema.yaml loaded successfully]
[2025-03-26 22:35:19,543 : INFO : common : created directory at: artifacts]
[2025-03-26 22:35:19,543 : INFO : common : created directory at: artifacts/data_validation]
[2025-03-26 22:35:19,577 : INFO : main : >>>>>> stage Data Validation stage completed <<<<<<

x==========x]
[2025-03-26 22:35:19,577 : INFO : main : >>>>>> stage Data Transformation stage started <<<<<<]
[2025-03-26 22:35:19,584 : INFO : common : yaml file: config\config.yaml loaded successfully]
[2025-03-26 22:35:19,586 : INFO : common : yaml file: params.yaml loaded successfully]
[2025-03-26 22:35:19,588 : INFO : common : yaml file: schema.yaml loaded successfully]
[2025-03-26 22:35:19,589 : INFO : common : created directory at: artifacts]
[2025-03-26 22:35:19,590 : INFO : common : created directory at: artifacts/data_transformation]
[2025-03-26 22:35:19,614 : INFO : data_transformation : splitted data into training and test sets]
[2025-03-26 22:35:19,614 : INFO : data_transformation : (1199, 12)]
[2025-03-26 22:35:19,614 : INFO : data_transformation : (400, 12)]
[2025-03-26 22:35:19,615 : INFO : main : >>>>>> stage Data Transformation stage completed <<<<<<

x==========x]
[2025-03-26 22:35:19,616 : INFO : main : >>>>>> stage Model Trainer stage started <<<<<<]
[2025-03-26 22:35:19,619 : INFO : common : yaml file: config\config.yaml loaded successfully]
[2025-03-26 22:35:19,620 : INFO : common : yaml file: params.yaml loaded successfully]
[2025-03-26 22:35:19,622 : INFO : common : yaml file: schema.yaml loaded successfully]
[2025-03-26 22:35:19,622 : INFO : common : created directory at: artifacts]
[2025-03-26 22:35:19,623 : INFO : common : created directory at: artifacts/model/model_trainer]
[2025-03-26 22:35:19,672 : INFO : main : >>>>>> stage Model Trainer stage completed <<<<<<

x==========x]
[2025-03-26 22:35:19,673 : INFO : main : >>>>>> stage Model evaluation stage started <<<<<<]
[2025-03-26 22:35:19,676 : INFO : common : yaml file: config\config.yaml loaded successfully]
[2025-03-26 22:35:19,679 : INFO : common : yaml file: params.yaml loaded successfully]
[2025-03-26 22:35:19,681 : INFO : common : yaml file: schema.yaml loaded successfully]
[2025-03-26 22:35:19,681 : INFO : common : created directory at: artifacts]
[2025-03-26 22:35:19,682 : INFO : common : created directory at: artifacts/model_evaluation]
[2025-03-26 22:35:21,094 : INFO : common : json file saved at: artifacts\model_evaluation\metrics.json]
[2025-03-26 22:35:36,920 : INFO : main : >>>>>> stage Model evaluation stage completed <<<<<<

x==========x]
[2025-03-26 22:35:38,221 : INFO : _internal : 127.0.0.1 - - [26/Mar/2025 22:35:38] "GET /train HTTP/1.1" 200 -]
[2025-03-26 22:35:54,034 : INFO : _internal : 127.0.0.1 - - [26/Mar/2025 22:35:54] "GET / HTTP/1.1" 200 -]
[2025-03-26 22:35:54,166 : INFO : _internal : 127.0.0.1 - - [26/Mar/2025 22:35:54] "[33mGET /static/assets/img/form-v9.jpg HTTP/1.1[0m" 404 -]
[2025-03-26 22:36:17,101 : INFO : _internal : 127.0.0.1 - - [26/Mar/2025 22:36:17] "POST /predict HTTP/1.1" 200 -]
